#
# There is insufficient memory for the Java Runtime Environment to continue.
# Cannot create GC thread. Out of system resources.
# Possible reasons:
#   The system is out of physical RAM or swap space
#   In 32 bit mode, the process size limit was hit
# Possible solutions:
#   Reduce memory load on the system
#   Increase physical memory or swap space
#   Check if swap backing store is full
#   Use 64 bit Java on a 64 bit OS
#   Decrease Java heap size (-Xmx/-Xms)
#   Decrease number of Java threads
#   Decrease Java thread stack sizes (-Xss)
#   Set larger code cache with -XX:ReservedCodeCacheSize=
# This output file may be truncated or incomplete.
#
#  Out of Memory Error (gcTaskThread.cpp:48), pid=21141, tid=140387454625536
#
# JRE version:  (8.0_45-b14) (build )
# Java VM: Java HotSpot(TM) 64-Bit Server VM (25.45-b02 mixed mode linux-amd64 compressed oops)
# Failed to write core dump. Core dumps have been disabled. To enable core dumping, try "ulimit -c unlimited" before starting Java again
#

---------------  T H R E A D  ---------------

Current thread (0x0000000000716000):  JavaThread "Unknown thread" [_thread_in_vm, id=21141, stack(0x00007ffcde1dd000,0x00007ffcde2dd000)]

Stack: [0x00007ffcde1dd000,0x00007ffcde2dd000],  sp=0x00007ffcde2d6030,  free space=996k
Native frames: (J=compiled Java code, j=interpreted, Vv=VM code, C=native code)
V  [libjvm.so+0xaac99a]  VMError::report_and_die()+0x2ba
V  [libjvm.so+0x4f333b]  report_vm_out_of_memory(char const*, int, unsigned long, VMErrorType, char const*)+0x8b
V  [libjvm.so+0x5caf3f]  GCTaskThread::GCTaskThread(GCTaskManager*, unsigned int, unsigned int)+0x15f
V  [libjvm.so+0x5c974b]  GCTaskManager::initialize()+0x3ab
V  [libjvm.so+0x93188d]  ParallelScavengeHeap::initialize()+0x34d
V  [libjvm.so+0xa75aab]  Universe::initialize_heap()+0xfb
V  [libjvm.so+0xa75e1e]  universe_init()+0x3e
V  [libjvm.so+0x62f635]  init_globals()+0x65
V  [libjvm.so+0xa5a02e]  Threads::create_vm(JavaVMInitArgs*, bool*)+0x23e
V  [libjvm.so+0x6c3244]  JNI_CreateJavaVM+0x74
C  [libjli.so+0x745e]  JavaMain+0x9e
C  [libjli.so+0xb213]  ContinueInNewThread0+0x63
C  [libjli.so+0x697a]  ContinueInNewThread+0x7a
C  [libjli.so+0x99e8]  JLI_Launch+0x798
C  [java+0x696]  JLI_Launch@@SUNWprivate_1.1+0x696
C  [libc.so.6+0x20a40]  __libc_start_main+0xf0


---------------  P R O C E S S  ---------------

Java Threads: ( => current thread )

Other Threads:

=>0x0000000000716000 (exited) JavaThread "Unknown thread" [_thread_in_vm, id=21141, stack(0x00007ffcde1dd000,0x00007ffcde2dd000)]

VM state:not at safepoint (not fully initialized)

VM Mutex/Monitor currently owned by a thread: None

GC Heap History (0 events):
No events

Deoptimization events (0 events):
No events

Internal exceptions (0 events):
No events

Events (0 events):
No events


Dynamic libraries:
00400000-00401000 r-xp 00000000 08:06 520686                             /usr/lib/jvm/java-8-oracle/bin/java
00600000-00601000 rw-p 00000000 08:06 520686                             /usr/lib/jvm/java-8-oracle/bin/java
0070a000-0074c000 rw-p 00000000 00:00 0                                  [heap]
84600000-89900000 rw-p 00000000 00:00 0 
89900000-d6d00000 ---p 00000000 00:00 0 
d6d00000-d9600000 rw-p 00000000 00:00 0 
d9600000-100000000 ---p 00000000 00:00 0 
7fae6d7a4000-7fae6da52000 rw-p 00000000 00:00 0 
7fae6da52000-7fae6dcbc000 ---p 00000000 00:00 0 
7fae6dcbc000-7fae6dce6000 rw-p 00000000 00:00 0 
7fae6dce6000-7fae6df4f000 ---p 00000000 00:00 0 
7fae6df4f000-7fae6df64000 rw-p 00000000 00:00 0 
7fae6df64000-7fae6e099000 ---p 00000000 00:00 0 
7fae6e099000-7fae6e0a4000 rw-p 00000000 00:00 0 
7fae6e0a4000-7fae6e45a000 ---p 00000000 00:00 0 
7fae6e45a000-7fae6e6ca000 rwxp 00000000 00:00 0 
7fae6e6ca000-7fae7d45a000 ---p 00000000 00:00 0 
7fae7d45a000-7fae7d474000 r-xp 00000000 08:06 520514                     /usr/lib/jvm/java-8-oracle/jre/lib/amd64/libzip.so
7fae7d474000-7fae7d674000 ---p 0001a000 08:06 520514                     /usr/lib/jvm/java-8-oracle/jre/lib/amd64/libzip.so
7fae7d674000-7fae7d675000 rw-p 0001a000 08:06 520514                     /usr/lib/jvm/java-8-oracle/jre/lib/amd64/libzip.so
7fae7d675000-7fae7d681000 r-xp 00000000 08:16 217                        /lib/x86_64-linux-gnu/libnss_files-2.21.so
7fae7d681000-7fae7d880000 ---p 0000c000 08:16 217                        /lib/x86_64-linux-gnu/libnss_files-2.21.so
7fae7d880000-7fae7d881000 r--p 0000b000 08:16 217                        /lib/x86_64-linux-gnu/libnss_files-2.21.so
7fae7d881000-7fae7d882000 rw-p 0000c000 08:16 217                        /lib/x86_64-linux-gnu/libnss_files-2.21.so
7fae7d882000-7fae7d88d000 r-xp 00000000 08:16 205                        /lib/x86_64-linux-gnu/libnss_nis-2.21.so
7fae7d88d000-7fae7da8c000 ---p 0000b000 08:16 205                        /lib/x86_64-linux-gnu/libnss_nis-2.21.so
7fae7da8c000-7fae7da8d000 r--p 0000a000 08:16 205                        /lib/x86_64-linux-gnu/libnss_nis-2.21.so
7fae7da8d000-7fae7da8e000 rw-p 0000b000 08:16 205                        /lib/x86_64-linux-gnu/libnss_nis-2.21.so
7fae7da8e000-7fae7daa5000 r-xp 00000000 08:16 223                        /lib/x86_64-linux-gnu/libnsl-2.21.so
7fae7daa5000-7fae7dca4000 ---p 00017000 08:16 223                        /lib/x86_64-linux-gnu/libnsl-2.21.so
7fae7dca4000-7fae7dca5000 r--p 00016000 08:16 223                        /lib/x86_64-linux-gnu/libnsl-2.21.so
7fae7dca5000-7fae7dca6000 rw-p 00017000 08:16 223                        /lib/x86_64-linux-gnu/libnsl-2.21.so
7fae7dca6000-7fae7dca8000 rw-p 00000000 00:00 0 
7fae7dca8000-7fae7dcb0000 r-xp 00000000 08:16 219                        /lib/x86_64-linux-gnu/libnss_compat-2.21.so
7fae7dcb0000-7fae7deaf000 ---p 00008000 08:16 219                        /lib/x86_64-linux-gnu/libnss_compat-2.21.so
7fae7deaf000-7fae7deb0000 r--p 00007000 08:16 219                        /lib/x86_64-linux-gnu/libnss_compat-2.21.so
7fae7deb0000-7fae7deb1000 rw-p 00008000 08:16 219                        /lib/x86_64-linux-gnu/libnss_compat-2.21.so
7fae7deb1000-7fae7debb000 r-xp 00000000 08:06 520533                     /usr/lib/jvm/java-8-oracle/jre/lib/amd64/libinstrument.so
7fae7debb000-7fae7e0ba000 ---p 0000a000 08:06 520533                     /usr/lib/jvm/java-8-oracle/jre/lib/amd64/libinstrument.so
7fae7e0ba000-7fae7e0bb000 rw-p 00009000 08:06 520533                     /usr/lib/jvm/java-8-oracle/jre/lib/amd64/libinstrument.so
7fae7e0bb000-7fae7e0e5000 r-xp 00000000 08:06 520507                     /usr/lib/jvm/java-8-oracle/jre/lib/amd64/libjava.so
7fae7e0e5000-7fae7e2e5000 ---p 0002a000 08:06 520507                     /usr/lib/jvm/java-8-oracle/jre/lib/amd64/libjava.so
7fae7e2e5000-7fae7e2e7000 rw-p 0002a000 08:06 520507                     /usr/lib/jvm/java-8-oracle/jre/lib/amd64/libjava.so
7fae7e2e7000-7fae7e2f4000 r-xp 00000000 08:06 520549                     /usr/lib/jvm/java-8-oracle/jre/lib/amd64/libverify.so
7fae7e2f4000-7fae7e4f4000 ---p 0000d000 08:06 520549                     /usr/lib/jvm/java-8-oracle/jre/lib/amd64/libverify.so
7fae7e4f4000-7fae7e4f6000 rw-p 0000d000 08:06 520549                     /usr/lib/jvm/java-8-oracle/jre/lib/amd64/libverify.so
7fae7e4f6000-7fae7e4fd000 r-xp 00000000 08:16 224                        /lib/x86_64-linux-gnu/librt-2.21.so
7fae7e4fd000-7fae7e6fc000 ---p 00007000 08:16 224                        /lib/x86_64-linux-gnu/librt-2.21.so
7fae7e6fc000-7fae7e6fd000 r--p 00006000 08:16 224                        /lib/x86_64-linux-gnu/librt-2.21.so
7fae7e6fd000-7fae7e6fe000 rw-p 00007000 08:16 224                        /lib/x86_64-linux-gnu/librt-2.21.so
7fae7e6fe000-7fae7e805000 r-xp 00000000 08:16 222                        /lib/x86_64-linux-gnu/libm-2.21.so
7fae7e805000-7fae7ea04000 ---p 00107000 08:16 222                        /lib/x86_64-linux-gnu/libm-2.21.so
7fae7ea04000-7fae7ea05000 r--p 00106000 08:16 222                        /lib/x86_64-linux-gnu/libm-2.21.so
7fae7ea05000-7fae7ea06000 rw-p 00107000 08:16 222                        /lib/x86_64-linux-gnu/libm-2.21.so
7fae7ea06000-7fae7f6b4000 r-xp 00000000 08:06 520555                     /usr/lib/jvm/java-8-oracle/jre/lib/amd64/server/libjvm.so
7fae7f6b4000-7fae7f8b3000 ---p 00cae000 08:06 520555                     /usr/lib/jvm/java-8-oracle/jre/lib/amd64/server/libjvm.so
7fae7f8b3000-7fae7f98a000 rw-p 00cad000 08:06 520555                     /usr/lib/jvm/java-8-oracle/jre/lib/amd64/server/libjvm.so
7fae7f98a000-7fae7f9ce000 rw-p 00000000 00:00 0 
7fae7f9ce000-7fae7fb8e000 r-xp 00000000 08:16 227                        /lib/x86_64-linux-gnu/libc-2.21.so
7fae7fb8e000-7fae7fd8e000 ---p 001c0000 08:16 227                        /lib/x86_64-linux-gnu/libc-2.21.so
7fae7fd8e000-7fae7fd92000 r--p 001c0000 08:16 227                        /lib/x86_64-linux-gnu/libc-2.21.so
7fae7fd92000-7fae7fd94000 rw-p 001c4000 08:16 227                        /lib/x86_64-linux-gnu/libc-2.21.so
7fae7fd94000-7fae7fd98000 rw-p 00000000 00:00 0 
7fae7fd98000-7fae7fd9b000 r-xp 00000000 08:16 210                        /lib/x86_64-linux-gnu/libdl-2.21.so
7fae7fd9b000-7fae7ff9a000 ---p 00003000 08:16 210                        /lib/x86_64-linux-gnu/libdl-2.21.so
7fae7ff9a000-7fae7ff9b000 r--p 00002000 08:16 210                        /lib/x86_64-linux-gnu/libdl-2.21.so
7fae7ff9b000-7fae7ff9c000 rw-p 00003000 08:16 210                        /lib/x86_64-linux-gnu/libdl-2.21.so
7fae7ff9c000-7fae7ffb1000 r-xp 00000000 08:06 520848                     /usr/lib/jvm/java-8-oracle/lib/amd64/jli/libjli.so
7fae7ffb1000-7fae801b1000 ---p 00015000 08:06 520848                     /usr/lib/jvm/java-8-oracle/lib/amd64/jli/libjli.so
7fae801b1000-7fae801b2000 rw-p 00015000 08:06 520848                     /usr/lib/jvm/java-8-oracle/lib/amd64/jli/libjli.so
7fae801b2000-7fae801ca000 r-xp 00000000 08:16 214                        /lib/x86_64-linux-gnu/libpthread-2.21.so
7fae801ca000-7fae803ca000 ---p 00018000 08:16 214                        /lib/x86_64-linux-gnu/libpthread-2.21.so
7fae803ca000-7fae803cb000 r--p 00018000 08:16 214                        /lib/x86_64-linux-gnu/libpthread-2.21.so
7fae803cb000-7fae803cc000 rw-p 00019000 08:16 214                        /lib/x86_64-linux-gnu/libpthread-2.21.so
7fae803cc000-7fae803d0000 rw-p 00000000 00:00 0 
7fae803d0000-7fae803f4000 r-xp 00000000 08:16 213                        /lib/x86_64-linux-gnu/ld-2.21.so
7fae804d0000-7fae804d1000 ---p 00000000 00:00 0 
7fae804d1000-7fae805d5000 rw-p 00000000 00:00 0 
7fae805e4000-7fae805e7000 rw-p 00000000 00:00 0 
7fae805e7000-7fae805ef000 rw-s 00000000 08:05 33                         /tmp/hsperfdata_mmwvh/21141
7fae805ef000-7fae805f0000 rw-p 00000000 00:00 0 
7fae805f0000-7fae805f1000 r--p 00000000 00:00 0 
7fae805f1000-7fae805f3000 rw-p 00000000 00:00 0 
7fae805f3000-7fae805f4000 r--p 00023000 08:16 213                        /lib/x86_64-linux-gnu/ld-2.21.so
7fae805f4000-7fae805f5000 rw-p 00024000 08:16 213                        /lib/x86_64-linux-gnu/ld-2.21.so
7fae805f5000-7fae805f6000 rw-p 00000000 00:00 0 
7ffcde1dd000-7ffcde1e0000 ---p 00000000 00:00 0 
7ffcde1e1000-7ffcde2dd000 rw-p 00000000 00:00 0                          [stack]
7ffcde2e1000-7ffcde2e3000 r--p 00000000 00:00 0                          [vvar]
7ffcde2e3000-7ffcde2e5000 r-xp 00000000 00:00 0                          [vdso]
ffffffffff600000-ffffffffff601000 r-xp 00000000 00:00 0                  [vsyscall]

VM Arguments:
jvm_args: -javaagent:/usr/share/java/jayatanaag.jar -Dfile.encoding=UTF-8 
java_command: MainFib
java_class_path (initial): /home/mmwvh/oo/assignments/github/A12b/bin:/usr/share/java/jayatanaag.jar
Launcher Type: SUN_STANDARD

Environment Variables:
JAVA_TOOL_OPTIONS=-javaagent:/usr/share/java/jayatanaag.jar 
PATH=/usr/local/sbin:/usr/local/bin:/usr/sbin:/usr/bin:/sbin:/bin:/usr/games:/usr/local/games
SHELL=/bin/bash
DISPLAY=:0

Signal Handlers:
SIGSEGV: [libjvm.so+0xaad1e0], sa_mask[0]=11111111011111111101111111111110, sa_flags=SA_RESTART|SA_SIGINFO
SIGBUS: [libjvm.so+0xaad1e0], sa_mask[0]=11111111011111111101111111111110, sa_flags=SA_RESTART|SA_SIGINFO
SIGFPE: [libjvm.so+0x90b450], sa_mask[0]=11111111011111111101111111111110, sa_flags=SA_RESTART|SA_SIGINFO
SIGPIPE: [libjvm.so+0x90b450], sa_mask[0]=11111111011111111101111111111110, sa_flags=SA_RESTART|SA_SIGINFO
SIGXFSZ: [libjvm.so+0x90b450], sa_mask[0]=11111111011111111101111111111110, sa_flags=SA_RESTART|SA_SIGINFO
SIGILL: [libjvm.so+0x90b450], sa_mask[0]=11111111011111111101111111111110, sa_flags=SA_RESTART|SA_SIGINFO
SIGUSR1: SIG_DFL, sa_mask[0]=00000000000000000000000000000000, sa_flags=none
SIGUSR2: [libjvm.so+0x90ca90], sa_mask[0]=00100000000000000000000000000000, sa_flags=SA_RESTART|SA_SIGINFO
SIGHUP: SIG_DFL, sa_mask[0]=00000000000000000000000000000000, sa_flags=none
SIGINT: SIG_DFL, sa_mask[0]=00000000000000000000000000000000, sa_flags=none
SIGTERM: SIG_DFL, sa_mask[0]=00000000000000000000000000000000, sa_flags=none
SIGQUIT: SIG_DFL, sa_mask[0]=00000000000000000000000000000000, sa_flags=none


---------------  S Y S T E M  ---------------

OS:DISTRIB_ID=Ubuntu
DISTRIB_RELEASE=15.04
DISTRIB_CODENAME=vivid
DISTRIB_DESCRIPTION="Ubuntu 15.04"

uname:Linux 3.19.0-16-generic #16-Ubuntu SMP Thu Apr 30 16:09:58 UTC 2015 x86_64
libc:glibc 2.21 NPTL 2.21 
rlimit: STACK 8192k, CORE 0k, NPROC 31529, NOFILE 65536, AS infinity
load average:0.95 0.69 0.43

/proc/meminfo:
MemTotal:        8093972 kB
MemFree:         2158980 kB
MemAvailable:    3630328 kB
Buffers:          295188 kB
Cached:          1288836 kB
SwapCached:            0 kB
Active:          3941828 kB
Inactive:         758896 kB
Active(anon):    3117612 kB
Inactive(anon):   277424 kB
Active(file):     824216 kB
Inactive(file):   481472 kB
Unevictable:          80 kB
Mlocked:              80 kB
SwapTotal:       1998844 kB
SwapFree:        1998844 kB
Dirty:                28 kB
Writeback:             0 kB
AnonPages:       3116376 kB
Mapped:           388180 kB
Shmem:            278356 kB
Slab:             579292 kB
SReclaimable:     419076 kB
SUnreclaim:       160216 kB
KernelStack:      507744 kB
PageTables:        94008 kB
NFS_Unstable:          0 kB
Bounce:                0 kB
WritebackTmp:          0 kB
CommitLimit:     6045828 kB
Committed_AS:   37470952 kB
VmallocTotal:   34359738367 kB
VmallocUsed:      360304 kB
VmallocChunk:   34359361532 kB
HardwareCorrupted:     0 kB
AnonHugePages:   1202176 kB
CmaTotal:              0 kB
CmaFree:               0 kB
HugePages_Total:       0
HugePages_Free:        0
HugePages_Rsvd:        0
HugePages_Surp:        0
Hugepagesize:       2048 kB
DirectMap4k:      115196 kB
DirectMap2M:     2949120 kB
DirectMap1G:     5242880 kB


CPU:total 8 (4 cores per cpu, 2 threads per core) family 6 model 60 stepping 3, cmov, cx8, fxsr, mmx, sse, sse2, sse3, ssse3, sse4.1, sse4.2, popcnt, avx, avx2, aes, clmul, erms, lzcnt, ht, tsc, tscinvbit, bmi1, bmi2

/proc/cpuinfo:
processor	: 0
vendor_id	: GenuineIntel
cpu family	: 6
model		: 60
model name	: Intel(R) Core(TM) i7-4712MQ CPU @ 2.30GHz
stepping	: 3
microcode	: 0x1c
cpu MHz		: 2973.109
cache size	: 6144 KB
physical id	: 0
siblings	: 8
core id		: 0
cpu cores	: 4
apicid		: 0
initial apicid	: 0
fpu		: yes
fpu_exception	: yes
cpuid level	: 13
wp		: yes
flags		: fpu vme de pse tsc msr pae mce cx8 apic sep mtrr pge mca cmov pat pse36 clflush dts acpi mmx fxsr sse sse2 ss ht tm pbe syscall nx pdpe1gb rdtscp lm constant_tsc arch_perfmon pebs bts rep_good nopl xtopology nonstop_tsc aperfmperf eagerfpu pni pclmulqdq dtes64 monitor ds_cpl vmx est tm2 ssse3 fma cx16 xtpr pdcm pcid sse4_1 sse4_2 movbe popcnt tsc_deadline_timer aes xsave avx f16c rdrand lahf_lm abm ida arat epb pln pts dtherm tpr_shadow vnmi flexpriority ept vpid fsgsbase tsc_adjust bmi1 avx2 smep bmi2 erms invpcid xsaveopt
bugs		:
bogomips	: 4589.28
clflush size	: 64
cache_alignment	: 64
address sizes	: 39 bits physical, 48 bits virtual
power management:

processor	: 1
vendor_id	: GenuineIntel
cpu family	: 6
model		: 60
model name	: Intel(R) Core(TM) i7-4712MQ CPU @ 2.30GHz
stepping	: 3
microcode	: 0x1c
cpu MHz		: 2924.234
cache size	: 6144 KB
physical id	: 0
siblings	: 8
core id		: 1
cpu cores	: 4
apicid		: 2
initial apicid	: 2
fpu		: yes
fpu_exception	: yes
cpuid level	: 13
wp		: yes
flags		: fpu vme de pse tsc msr pae mce cx8 apic sep mtrr pge mca cmov pat pse36 clflush dts acpi mmx fxsr sse sse2 ss ht tm pbe syscall nx pdpe1gb rdtscp lm constant_tsc arch_perfmon pebs bts rep_good nopl xtopology nonstop_tsc aperfmperf eagerfpu pni pclmulqdq dtes64 monitor ds_cpl vmx est tm2 ssse3 fma cx16 xtpr pdcm pcid sse4_1 sse4_2 movbe popcnt tsc_deadline_timer aes xsave avx f16c rdrand lahf_lm abm ida arat epb pln pts dtherm tpr_shadow vnmi flexpriority ept vpid fsgsbase tsc_adjust bmi1 avx2 smep bmi2 erms invpcid xsaveopt
bugs		:
bogomips	: 4589.28
clflush size	: 64
cache_alignment	: 64
address sizes	: 39 bits physical, 48 bits virtual
power management:

processor	: 2
vendor_id	: GenuineIntel
cpu family	: 6
model		: 60
model name	: Intel(R) Core(TM) i7-4712MQ CPU @ 2.30GHz
stepping	: 3
microcode	: 0x1c
cpu MHz		: 2938.070
cache size	: 6144 KB
physical id	: 0
siblings	: 8
core id		: 2
cpu cores	: 4
apicid		: 4
initial apicid	: 4
fpu		: yes
fpu_exception	: yes
cpuid level	: 13
wp		: yes
flags		: fpu vme de pse tsc msr pae mce cx8 apic sep mtrr pge mca cmov pat pse36 clflush dts acpi mmx fxsr sse sse2 ss ht tm pbe syscall nx pdpe1gb rdtscp lm constant_tsc arch_perfmon pebs bts rep_good nopl xtopology nonstop_tsc aperfmperf eagerfpu pni pclmulqdq dtes64 monitor ds_cpl vmx est tm2 ssse3 fma cx16 xtpr pdcm pcid sse4_1 sse4_2 movbe popcnt tsc_deadline_timer aes xsave avx f16c rdrand lahf_lm abm ida arat epb pln pts dtherm tpr_shadow vnmi flexpriority ept vpid fsgsbase tsc_adjust bmi1 avx2 smep bmi2 erms invpcid xsaveopt
bugs		:
bogomips	: 4589.28
clflush size	: 64
cache_alignment	: 64
address sizes	: 39 bits physical, 48 bits virtual
power management:

processor	: 3
vendor_id	: GenuineIntel
cpu family	: 6
model		: 60
model name	: Intel(R) Core(TM) i7-4712MQ CPU @ 2.30GHz
stepping	: 3
microcode	: 0x1c
cpu MHz		: 2965.292
cache size	: 6144 KB
physical id	: 0
siblings	: 8
core id		: 3
cpu cores	: 4
apicid		: 6
initial apicid	: 6
fpu		: yes
fpu_exception	: yes
cpuid level	: 13
wp		: yes
flags		: fpu vme de pse tsc msr pae mce cx8 apic sep mtrr pge mca cmov pat pse36 clflush dts acpi mmx fxsr sse sse2 ss ht tm pbe syscall nx pdpe1gb rdtscp lm constant_tsc arch_perfmon pebs bts rep_good nopl xtopology nonstop_tsc aperfmperf eagerfpu pni pclmulqdq dtes64 monitor ds_cpl vmx est tm2 ssse3 fma cx16 xtpr pdcm pcid sse4_1 sse4_2 movbe popcnt tsc_deadline_timer aes xsave avx f16c rdrand lahf_lm abm ida arat epb pln pts dtherm tpr_shadow vnmi flexpriority ept vpid fsgsbase tsc_adjust bmi1 avx2 smep bmi2 erms invpcid xsaveopt
bugs		:
bogomips	: 4589.28
clflush size	: 64
cache_alignment	: 64
address sizes	: 39 bits physical, 48 bits virtual
power management:

processor	: 4
vendor_id	: GenuineIntel
cpu family	: 6
model		: 60
model name	: Intel(R) Core(TM) i7-4712MQ CPU @ 2.30GHz
stepping	: 3
microcode	: 0x1c
cpu MHz		: 2972.121
cache size	: 6144 KB
physical id	: 0
siblings	: 8
core id		: 0
cpu cores	: 4
apicid		: 1
initial apicid	: 1
fpu		: yes
fpu_exception	: yes
cpuid level	: 13
wp		: yes
flags		: fpu vme de pse tsc msr pae mce cx8 apic sep mtrr pge mca cmov pat pse36 clflush dts acpi mmx fxsr sse sse2 ss ht tm pbe syscall nx pdpe1gb rdtscp lm constant_tsc arch_perfmon pebs bts rep_good nopl xtopology nonstop_tsc aperfmperf eagerfpu pni pclmulqdq dtes64 monitor ds_cpl vmx est tm2 ssse3 fma cx16 xtpr pdcm pcid sse4_1 sse4_2 movbe popcnt tsc_deadline_timer aes xsave avx f16c rdrand lahf_lm abm ida arat epb pln pts dtherm tpr_shadow vnmi flexpriority ept vpid fsgsbase tsc_adjust bmi1 avx2 smep bmi2 erms invpcid xsaveopt
bugs		:
bogomips	: 4589.28
clflush size	: 64
cache_alignment	: 64
address sizes	: 39 bits physical, 48 bits virtual
power management:

processor	: 5
vendor_id	: GenuineIntel
cpu family	: 6
model		: 60
model name	: Intel(R) Core(TM) i7-4712MQ CPU @ 2.30GHz
stepping	: 3
microcode	: 0x1c
cpu MHz		: 2976.792
cache size	: 6144 KB
physical id	: 0
siblings	: 8
core id		: 1
cpu cores	: 4
apicid		: 3
initial apicid	: 3
fpu		: yes
fpu_exception	: yes
cpuid level	: 13
wp		: yes
flags		: fpu vme de pse tsc msr pae mce cx8 apic sep mtrr pge mca cmov pat pse36 clflush dts acpi mmx fxsr sse sse2 ss ht tm pbe syscall nx pdpe1gb rdtscp lm constant_tsc arch_perfmon pebs bts rep_good nopl xtopology nonstop_tsc aperfmperf eagerfpu pni pclmulqdq dtes64 monitor ds_cpl vmx est tm2 ssse3 fma cx16 xtpr pdcm pcid sse4_1 sse4_2 movbe popcnt tsc_deadline_timer aes xsave avx f16c rdrand lahf_lm abm ida arat epb pln pts dtherm tpr_shadow vnmi flexpriority ept vpid fsgsbase tsc_adjust bmi1 avx2 smep bmi2 erms invpcid xsaveopt
bugs		:
bogomips	: 4589.28
clflush size	: 64
cache_alignment	: 64
address sizes	: 39 bits physical, 48 bits virtual
power management:

processor	: 6
vendor_id	: GenuineIntel
cpu family	: 6
model		: 60
model name	: Intel(R) Core(TM) i7-4712MQ CPU @ 2.30GHz
stepping	: 3
microcode	: 0x1c
cpu MHz		: 2943.281
cache size	: 6144 KB
physical id	: 0
siblings	: 8
core id		: 2
cpu cores	: 4
apicid		: 5
initial apicid	: 5
fpu		: yes
fpu_exception	: yes
cpuid level	: 13
wp		: yes
flags		: fpu vme de pse tsc msr pae mce cx8 apic sep mtrr pge mca cmov pat pse36 clflush dts acpi mmx fxsr sse sse2 ss ht tm pbe syscall nx pdpe1gb rdtscp lm constant_tsc arch_perfmon pebs bts rep_good nopl xtopology nonstop_tsc aperfmperf eagerfpu pni pclmulqdq dtes64 monitor ds_cpl vmx est tm2 ssse3 fma cx16 xtpr pdcm pcid sse4_1 sse4_2 movbe popcnt tsc_deadline_timer aes xsave avx f16c rdrand lahf_lm abm ida arat epb pln pts dtherm tpr_shadow vnmi flexpriority ept vpid fsgsbase tsc_adjust bmi1 avx2 smep bmi2 erms invpcid xsaveopt
bugs		:
bogomips	: 4589.28
clflush size	: 64
cache_alignment	: 64
address sizes	: 39 bits physical, 48 bits virtual
power management:

processor	: 7
vendor_id	: GenuineIntel
cpu family	: 6
model		: 60
model name	: Intel(R) Core(TM) i7-4712MQ CPU @ 2.30GHz
stepping	: 3
microcode	: 0x1c
cpu MHz		: 2972.929
cache size	: 6144 KB
physical id	: 0
siblings	: 8
core id		: 3
cpu cores	: 4
apicid		: 7
initial apicid	: 7
fpu		: yes
fpu_exception	: yes
cpuid level	: 13
wp		: yes
flags		: fpu vme de pse tsc msr pae mce cx8 apic sep mtrr pge mca cmov pat pse36 clflush dts acpi mmx fxsr sse sse2 ss ht tm pbe syscall nx pdpe1gb rdtscp lm constant_tsc arch_perfmon pebs bts rep_good nopl xtopology nonstop_tsc aperfmperf eagerfpu pni pclmulqdq dtes64 monitor ds_cpl vmx est tm2 ssse3 fma cx16 xtpr pdcm pcid sse4_1 sse4_2 movbe popcnt tsc_deadline_timer aes xsave avx f16c rdrand lahf_lm abm ida arat epb pln pts dtherm tpr_shadow vnmi flexpriority ept vpid fsgsbase tsc_adjust bmi1 avx2 smep bmi2 erms invpcid xsaveopt
bugs		:
bogomips	: 4589.28
clflush size	: 64
cache_alignment	: 64
address sizes	: 39 bits physical, 48 bits virtual
power management:



Memory: 4k page, physical 8093972k(2158980k free), swap 1998844k(1998844k free)

vm_info: Java HotSpot(TM) 64-Bit Server VM (25.45-b02) for linux-amd64 JRE (1.8.0_45-b14), built on Apr 10 2015 10:07:45 by "java_re" with gcc 4.3.0 20080428 (Red Hat 4.3.0-8)

time: Wed May 13 10:42:20 2015
elapsed time: 0 seconds (0d 0h 0m 0s)

